
Started GET / for :: ::1 at Thu Jun 27 2024 12:00:40 GMT-0400 (hora estándar de Chile)
  Parameters in body: {}
Completed: 200 message:  Time response: 9 ms Request ID: [1de6365d-b907-424f-a113-df35b2094d97]

Started GET /favicon.ico for :: ::1 at Thu Jun 27 2024 12:00:40 GMT-0400 (hora estándar de Chile)
  Parameters in body: {}
Completed: 404 message:  Time response: 4 ms Request ID: [8ce9ef52-2cb4-4f81-8fb9-4e7ebf86f6f1]

Started GET /joyas/ for :: ::1 at Thu Jun 27 2024 12:00:47 GMT-0400 (hora estándar de Chile)
  Parameters in body: {}
Completed: 500 message:  Time response: 40 ms Request ID: [54737441-9d01-45e5-ada4-abd58cb36494]

Started GET /joyas for :: ::1 at Thu Jun 27 2024 12:00:51 GMT-0400 (hora estándar de Chile)
  Parameters in body: {}
Completed: 500 message:  Time response: 34 ms Request ID: [2e7032d3-8f3a-4ab2-a4ff-d525800a0daa]

Started GET /joya for :: ::1 at Thu Jun 27 2024 12:00:54 GMT-0400 (hora estándar de Chile)
  Parameters in body: {}
Completed: 404 message:  Time response: 2 ms Request ID: [660cd067-22be-4bbc-8d94-af92066f950d]

Started GET /joyas for :: ::1 at Thu Jun 27 2024 12:01:12 GMT-0400 (hora estándar de Chile)
  Parameters in body: {}
Completed: 500 message:  Time response: 36 ms Request ID: [845a2878-9aad-4874-9914-8aeb94e91f46]

Started GET /joyas for :: ::1 at Thu Jun 27 2024 12:04:17 GMT-0400 (hora estándar de Chile)
  Parameters in body: {}
Completed: 500 message:  Time response: 35 ms Request ID: [505e7523-f440-42fd-8ba7-4f4439b9de65]

Started GET /joyas?limits=10&page=1&order_by=precio_ASC for :: ::1 at Thu Jun 27 2024 12:10:09 GMT-0400 (hora estándar de Chile)
  Parameters in body: {}
Completed: 500 message:  Time response: 53 ms Request ID: [381cc6a8-51f7-4584-b98e-bf6d932ef420]

Started GET /joyas?limits=10&page=1&order_by=precio_ASC for :: ::1 at Thu Jun 27 2024 12:12:17 GMT-0400 (hora estándar de Chile)
  Parameters in body: {}
Completed: 200 message:  Time response: 160 ms Request ID: [789f8bc3-3479-484f-b965-b5a2679c3a55]

Started GET /joyas for :: ::1 at Thu Jun 27 2024 12:12:33 GMT-0400 (hora estándar de Chile)
  Parameters in body: {}
Completed: 200 message:  Time response: 34 ms Request ID: [ed03f308-488d-4dcf-aa46-7d57249d90aa]

Started GET /joyas?limits=10&page=1&order_by=precio_ASC for :: ::1 at Thu Jun 27 2024 12:16:53 GMT-0400 (hora estándar de Chile)
  Parameters in body: {}
Completed: 200 message:  Time response: 10 ms Request ID: [af0cc270-535f-4c50-a207-91ab5072bf80]

Started GET /joyas for :: ::1 at Thu Jun 27 2024 12:17:04 GMT-0400 (hora estándar de Chile)
  Parameters in body: {}
Completed: 200 message:  Time response: 33 ms Request ID: [8be9461f-bb0d-44d3-86e7-929c3ff2b110]
